<?xml version="1.0" encoding="UTF-8"?>
<testsuite name="Run on CHROME"
           tests="10"
           failures="0"
           errors="0"
           skipped="0"
           time="22.662">
  <properties />
  
  
            <testcase name="Employee_06_Assigned_Dependents" time="0.002" classname="com.hrm.employee.Level_20_Data_Test_IV_Data_Driven" />
                <testcase name="Employee_09_Edit_View_Tax" time="0.002" classname="com.hrm.employee.Level_20_Data_Test_IV_Data_Driven" />
                <testcase name="Employee_10_Qualifications" time="0.003" classname="com.hrm.employee.Level_20_Data_Test_IV_Data_Driven" />
                <testcase name="Employee_08_Edit_View_Salary" time="0.003" classname="com.hrm.employee.Level_20_Data_Test_IV_Data_Driven" />
                <testcase name="Employee_03_Personal_Details" time="4.211" classname="com.hrm.employee.Level_20_Data_Test_IV_Data_Driven" />
                <testcase name="Employee_05_Emergency_Details" time="0.003" classname="com.hrm.employee.Level_20_Data_Test_IV_Data_Driven" />
                <testcase name="Employee_07_Edit_View_Job" time="0.003" classname="com.hrm.employee.Level_20_Data_Test_IV_Data_Driven" />
                <testcase name="Employee_02_Upload_Avatar" time="6.962" classname="com.hrm.employee.Level_20_Data_Test_IV_Data_Driven" />
                <testcase name="Employee_11_Search_Employee" time="0.003" classname="com.hrm.employee.Level_20_Data_Test_IV_Data_Driven" />
                <testcase name="Employee_01_Add_New_Employee" time="11.470" classname="com.hrm.employee.Level_20_Data_Test_IV_Data_Driven" />
      
</testsuite>
